<?xml version="1.0" encoding="UTF-8"?>
<!-- Generated by org.testng.reporters.JUnitXMLReporter -->
<testsuite ignored="5" hostname="Surriyaa-Asus" failures="0" tests="1" name="Amazon" time="5.883" errors="0" timestamp="2024-12-18T11:30:27 IST">
  <testcase classname="com.amazon.qa.testcases.SearchPageTest" name="validateSearchPageTitleTest" time="1.655"/>
  <testcase classname="com.amazon.qa.testcases.SearchPageTest" name="searchProductTest" time="0.0">
    <ignored/>
  </testcase> <!-- searchProductTest -->
  <testcase classname="com.amazon.qa.testcases.SearchPageTest" name="testSearchProduct" time="0.0">
    <ignored/>
  </testcase> <!-- testSearchProduct -->
  <testcase classname="com.amazon.qa.testcases.SearchPageTest" name="clickFirstSearchResultTest" time="0.0">
    <ignored/>
  </testcase> <!-- clickFirstSearchResultTest -->
  <testcase classname="com.amazon.qa.testcases.SearchPageTest" name="validateFirstSearchResultTest" time="0.0">
    <ignored/>
  </testcase> <!-- validateFirstSearchResultTest -->
  <testcase classname="com.amazon.qa.testcases.SearchPageTest" name="isSearchBoxDisplayedTest" time="0.0">
    <ignored/>
  </testcase> <!-- isSearchBoxDisplayedTest -->
</testsuite> <!-- Amazon -->
