<?xml version="1.0" encoding="UTF-8"?>
<!-- Generated by org.testng.reporters.JUnitXMLReporter -->
<testsuite ignored="0" hostname="Surriyaa-Asus" failures="0" tests="5" name="FreeCRM" time="106.137" errors="0" timestamp="2024-12-12T15:01:57 IST">
  <testcase classname="com.amazon.qa.testcases.ReturnsAndOrdersTest" name="returnAndOrdersTitleTest" time="1.538"/>
  <testcase classname="com.amazon.qa.testcases.ReturnsAndOrdersTest" name="yourOrdersTest" time="0.048"/>
  <testcase classname="com.amazon.qa.testcases.ReturnsAndOrdersTest" name="buyAgainTitleTest" time="2.921"/>
  <testcase classname="com.amazon.qa.testcases.ReturnsAndOrdersTest" name="cancelledOrdersUrlTest" time="1.889"/>
  <testcase classname="com.amazon.qa.testcases.ReturnsAndOrdersTest" name="searchPageTest" time="0.297"/>
</testsuite> <!-- FreeCRM -->
